::1 - - [29/Dec/2020:16:27:33 +0000] "GET /media/test.jpg HTTP/1.1" 304 - "-" "Mozilla/5.0 (Macintosh; Intel Mac OS X 10_15_7) AppleWebKit/537.36 (KHTML, like Gecko) Chrome/87.0.4280.88 Safari/537.36 OPR/73.0.3856.284"
::1 - - [29/Dec/2020:16:27:37 +0000] "GET /media/test.jpg HTTP/1.1" 304 - "-" "Mozilla/5.0 (Macintosh; Intel Mac OS X 10_15_7) AppleWebKit/537.36 (KHTML, like Gecko) Chrome/87.0.4280.88 Safari/537.36 OPR/73.0.3856.284"
::1 - - [04/Jan/2021:08:58:05 +0000] "POST /auth/regist HTTP/1.1" 500 180 "-" "PostmanRuntime/7.26.8"
::1 - - [04/Jan/2021:09:00:58 +0000] "POST /auth/regist HTTP/1.1" 500 180 "-" "PostmanRuntime/7.26.8"
::1 - - [04/Jan/2021:09:00:59 +0000] "POST /auth/regist HTTP/1.1" 500 180 "-" "PostmanRuntime/7.26.8"
::1 - - [04/Jan/2021:09:00:59 +0000] "POST /auth/regist HTTP/1.1" 500 180 "-" "PostmanRuntime/7.26.8"
::1 - - [04/Jan/2021:09:01:34 +0000] "POST /auth/regist HTTP/1.1" 500 180 "-" "PostmanRuntime/7.26.8"
::1 - - [04/Jan/2021:09:01:48 +0000] "POST /auth/regist HTTP/1.1" 500 180 "-" "PostmanRuntime/7.26.8"
::1 - - [04/Jan/2021:09:02:34 +0000] "POST /auth/regist HTTP/1.1" 500 180 "-" "PostmanRuntime/7.26.8"
::1 - - [04/Jan/2021:09:05:22 +0000] "POST /auth/regist HTTP/1.1" 500 180 "-" "PostmanRuntime/7.26.8"
::1 - - [04/Jan/2021:09:06:05 +0000] "POST /auth/regist HTTP/1.1" 500 218 "-" "PostmanRuntime/7.26.8"
::1 - - [04/Jan/2021:09:06:32 +0000] "POST /auth/regist HTTP/1.1" 500 218 "-" "PostmanRuntime/7.26.8"
::1 - - [04/Jan/2021:09:07:01 +0000] "POST /auth/regist HTTP/1.1" 200 77 "-" "PostmanRuntime/7.26.8"
::1 - - [04/Jan/2021:09:11:41 +0000] "POST /auth/regist HTTP/1.1" 200 77 "-" "PostmanRuntime/7.26.8"
::1 - - [04/Jan/2021:09:15:09 +0000] "POST /auth/regist HTTP/1.1" 500 81 "-" "PostmanRuntime/7.26.8"
::1 - - [04/Jan/2021:09:15:13 +0000] "POST /auth/regist HTTP/1.1" 500 81 "-" "PostmanRuntime/7.26.8"
::1 - - [04/Jan/2021:09:15:14 +0000] "POST /auth/regist HTTP/1.1" 500 81 "-" "PostmanRuntime/7.26.8"
::1 - - [04/Jan/2021:09:16:46 +0000] "POST /auth/regist HTTP/1.1" 400 71 "-" "PostmanRuntime/7.26.8"
::1 - - [04/Jan/2021:10:34:56 +0000] "GET /auth/login HTTP/1.1" 404 149 "-" "PostmanRuntime/7.26.8"
::1 - - [04/Jan/2021:10:34:59 +0000] "POST /auth/login HTTP/1.1" 200 309 "-" "PostmanRuntime/7.26.8"
::1 - - [04/Jan/2021:11:01:04 +0000] "POST /character/create HTTP/1.1" 500 92 "-" "PostmanRuntime/7.26.8"
::1 - - [04/Jan/2021:11:02:08 +0000] "POST /character/create HTTP/1.1" 500 92 "-" "PostmanRuntime/7.26.8"
::1 - - [04/Jan/2021:11:02:56 +0000] "POST /character/create HTTP/1.1" 500 279 "-" "PostmanRuntime/7.26.8"
::1 - - [04/Jan/2021:11:04:11 +0000] "POST /character/create HTTP/1.1" 200 78 "-" "PostmanRuntime/7.26.8"
::1 - - [04/Jan/2021:11:05:52 +0000] "POST /character/create HTTP/1.1" 200 115 "-" "PostmanRuntime/7.26.8"
::1 - - [04/Jan/2021:11:18:03 +0000] "POST /character/create HTTP/1.1" 403 49 "-" "PostmanRuntime/7.26.8"
::1 - - [04/Jan/2021:11:18:16 +0000] "POST /auth/login HTTP/1.1" 200 309 "-" "PostmanRuntime/7.26.8"
::1 - - [04/Jan/2021:11:18:39 +0000] "GET /character/all HTTP/1.1" 404 152 "-" "PostmanRuntime/7.26.8"
::1 - - [04/Jan/2021:11:18:45 +0000] "GET /character/all HTTP/1.1" 403 49 "-" "PostmanRuntime/7.26.8"
::1 - - [04/Jan/2021:11:19:00 +0000] "GET /character/all HTTP/1.1" 500 77 "-" "PostmanRuntime/7.26.8"
::1 - - [04/Jan/2021:11:19:32 +0000] "GET /character/all HTTP/1.1" 500 77 "-" "PostmanRuntime/7.26.8"
::1 - - [04/Jan/2021:11:19:41 +0000] "GET /character/all HTTP/1.1" 500 76 "-" "PostmanRuntime/7.26.8"
::1 - - [04/Jan/2021:11:20:08 +0000] "GET /character/all HTTP/1.1" 500 76 "-" "PostmanRuntime/7.26.8"
::1 - - [04/Jan/2021:11:20:09 +0000] "GET /character/all HTTP/1.1" 500 76 "-" "PostmanRuntime/7.26.8"
::1 - - [04/Jan/2021:11:20:41 +0000] "GET /character/all?sortColumn HTTP/1.1" 500 67 "-" "PostmanRuntime/7.26.8"
::1 - - [04/Jan/2021:11:21:03 +0000] "GET /character/all HTTP/1.1" 500 67 "-" "PostmanRuntime/7.26.8"
::1 - - [04/Jan/2021:11:21:16 +0000] "GET /character/all?sortColumn=name&sortType=1 HTTP/1.1" 500 67 "-" "PostmanRuntime/7.26.8"
::1 - - [04/Jan/2021:11:21:24 +0000] "GET /character/all?sortColumn=name&sortType=1 HTTP/1.1" 200 467 "-" "PostmanRuntime/7.26.8"
::1 - - [04/Jan/2021:11:21:33 +0000] "GET /character/all?sortColumn=name&sortType=0 HTTP/1.1" 200 467 "-" "PostmanRuntime/7.26.8"
::1 - - [04/Jan/2021:11:21:39 +0000] "GET /character/all HTTP/1.1" 200 467 "-" "PostmanRuntime/7.26.8"
::1 - - [04/Jan/2021:11:23:01 +0000] "POST /character/create HTTP/1.1" 200 115 "-" "PostmanRuntime/7.26.8"
::1 - - [04/Jan/2021:11:23:01 +0000] "POST /character/create HTTP/1.1" 200 115 "-" "PostmanRuntime/7.26.8"
::1 - - [04/Jan/2021:11:23:01 +0000] "POST /character/create HTTP/1.1" 200 115 "-" "PostmanRuntime/7.26.8"
::1 - - [04/Jan/2021:11:23:02 +0000] "POST /character/create HTTP/1.1" 200 115 "-" "PostmanRuntime/7.26.8"
::1 - - [04/Jan/2021:11:23:02 +0000] "POST /character/create HTTP/1.1" 200 115 "-" "PostmanRuntime/7.26.8"
::1 - - [04/Jan/2021:11:23:02 +0000] "POST /character/create HTTP/1.1" 200 115 "-" "PostmanRuntime/7.26.8"
::1 - - [04/Jan/2021:11:23:03 +0000] "POST /character/create HTTP/1.1" 200 115 "-" "PostmanRuntime/7.26.8"
::1 - - [04/Jan/2021:11:23:03 +0000] "POST /character/create HTTP/1.1" 200 115 "-" "PostmanRuntime/7.26.8"
::1 - - [04/Jan/2021:11:23:03 +0000] "POST /character/create HTTP/1.1" 200 115 "-" "PostmanRuntime/7.26.8"
::1 - - [04/Jan/2021:11:23:04 +0000] "POST /character/create HTTP/1.1" 200 115 "-" "PostmanRuntime/7.26.8"
::1 - - [04/Jan/2021:11:23:04 +0000] "POST /character/create HTTP/1.1" 200 115 "-" "PostmanRuntime/7.26.8"
::1 - - [04/Jan/2021:11:23:04 +0000] "POST /character/create HTTP/1.1" 200 115 "-" "PostmanRuntime/7.26.8"
::1 - - [04/Jan/2021:11:23:05 +0000] "POST /character/create HTTP/1.1" 200 115 "-" "PostmanRuntime/7.26.8"
::1 - - [04/Jan/2021:11:23:05 +0000] "POST /character/create HTTP/1.1" 200 115 "-" "PostmanRuntime/7.26.8"
::1 - - [04/Jan/2021:11:23:05 +0000] "POST /character/create HTTP/1.1" 200 115 "-" "PostmanRuntime/7.26.8"
::1 - - [04/Jan/2021:11:23:06 +0000] "POST /character/create HTTP/1.1" 200 115 "-" "PostmanRuntime/7.26.8"
::1 - - [04/Jan/2021:11:23:06 +0000] "POST /character/create HTTP/1.1" 200 115 "-" "PostmanRuntime/7.26.8"
::1 - - [04/Jan/2021:11:35:31 +0000] "POST /character/create HTTP/1.1" 200 115 "-" "PostmanRuntime/7.26.8"
::1 - - [04/Jan/2021:11:38:17 +0000] "GET /character/all HTTP/1.1" - - "-" "PostmanRuntime/7.26.8"
::1 - - [04/Jan/2021:11:38:57 +0000] "GET /character/all HTTP/1.1" 500 215 "-" "PostmanRuntime/7.26.8"
::1 - - [04/Jan/2021:11:39:34 +0000] "GET /character/all HTTP/1.1" 500 215 "-" "PostmanRuntime/7.26.8"
::1 - - [04/Jan/2021:11:40:00 +0000] "GET /character/all HTTP/1.1" 200 2235 "-" "PostmanRuntime/7.26.8"
::1 - - [04/Jan/2021:11:41:06 +0000] "GET /character/all HTTP/1.1" 200 467 "-" "PostmanRuntime/7.26.8"
::1 - - [04/Jan/2021:11:42:54 +0000] "GET /character/all HTTP/1.1" 200 467 "-" "PostmanRuntime/7.26.8"
::1 - - [04/Jan/2021:11:43:06 +0000] "GET /character/all?page=0&size=11 HTTP/1.1" 500 214 "-" "PostmanRuntime/7.26.8"
::1 - - [04/Jan/2021:11:43:18 +0000] "GET /character/all?page=1&size=11 HTTP/1.1" 500 212 "-" "PostmanRuntime/7.26.8"
::1 - - [04/Jan/2021:11:43:54 +0000] "GET /character/all?page=1&size=11 HTTP/1.1" 500 212 "-" "PostmanRuntime/7.26.8"
::1 - - [04/Jan/2021:11:46:12 +0000] "GET /character/all?page=1&size=11 HTTP/1.1" 200 2456 "-" "PostmanRuntime/7.26.8"
::1 - - [04/Jan/2021:11:46:23 +0000] "GET /character/all?page=1&size=1 HTTP/1.1" 200 255 "-" "PostmanRuntime/7.26.8"
::1 - - [04/Jan/2021:11:46:26 +0000] "GET /character/all?page=1&size=3 HTTP/1.1" 200 688 "-" "PostmanRuntime/7.26.8"
::1 - - [04/Jan/2021:11:46:33 +0000] "GET /character/all?page=1 HTTP/1.1" 200 476 "-" "PostmanRuntime/7.26.8"
::1 - - [04/Jan/2021:11:46:51 +0000] "GET /character/all?page=1 HTTP/1.1" 200 476 "-" "PostmanRuntime/7.26.8"
::1 - - [04/Jan/2021:11:47:13 +0000] "GET /character/all?page=1 HTTP/1.1" 200 2235 "-" "PostmanRuntime/7.26.8"
::1 - - [04/Jan/2021:11:47:21 +0000] "GET /character/all?page=1&size=4 HTTP/1.1" 200 909 "-" "PostmanRuntime/7.26.8"
::1 - - [04/Jan/2021:11:47:29 +0000] "GET /character/all?page=1&size-1 HTTP/1.1" 200 2235 "-" "PostmanRuntime/7.26.8"
::1 - - [04/Jan/2021:11:57:56 +0000] "GET /character/all?page=1&size-1 HTTP/1.1" 200 2307 "-" "PostmanRuntime/7.26.8"
::1 - - [04/Jan/2021:11:58:10 +0000] "GET /character/all?page=1&size=1 HTTP/1.1" 200 327 "-" "PostmanRuntime/7.26.8"
::1 - - [04/Jan/2021:11:58:58 +0000] "GET /character/all?page=1&size=1 HTTP/1.1" 200 296 "-" "PostmanRuntime/7.26.8"
::1 - - [04/Jan/2021:11:59:12 +0000] "GET /character/all?page=1&size=1 HTTP/1.1" 200 296 "-" "PostmanRuntime/7.26.8"
::1 - - [04/Jan/2021:11:59:20 +0000] "GET /character/all?page=1&size=1 HTTP/1.1" 200 327 "-" "PostmanRuntime/7.26.8"
::1 - - [04/Jan/2021:12:00:31 +0000] "GET /character/all?page=1&size=1 HTTP/1.1" 200 329 "-" "PostmanRuntime/7.26.8"
::1 - - [04/Jan/2021:12:00:46 +0000] "GET /character/all?page=1&size=1 HTTP/1.1" 500 52 "-" "PostmanRuntime/7.26.8"
::1 - - [04/Jan/2021:12:01:15 +0000] "GET /character/all?page=1&size=1 HTTP/1.1" 200 325 "-" "PostmanRuntime/7.26.8"
::1 - - [04/Jan/2021:12:01:29 +0000] "GET /character/all?page=1&size=1 HTTP/1.1" 200 325 "-" "PostmanRuntime/7.26.8"
::1 - - [04/Jan/2021:12:01:42 +0000] "GET /character/all?page=1&size=1 HTTP/1.1" 200 296 "-" "PostmanRuntime/7.26.8"
::1 - - [04/Jan/2021:12:01:55 +0000] "GET /character/all?page=1&size=1 HTTP/1.1" 200 296 "-" "PostmanRuntime/7.26.8"
::1 - - [04/Jan/2021:12:02:15 +0000] "GET /character/all?page=1&size=1 HTTP/1.1" 200 296 "-" "PostmanRuntime/7.26.8"
::1 - - [04/Jan/2021:12:02:20 +0000] "GET /character/all?page=1&size=1 HTTP/1.1" 200 325 "-" "PostmanRuntime/7.26.8"
::1 - - [04/Jan/2021:12:02:47 +0000] "GET /character/all?page=1&size=1 HTTP/1.1" 200 325 "-" "PostmanRuntime/7.26.8"
::1 - - [04/Jan/2021:12:02:59 +0000] "GET /character/all?page=1&size=1 HTTP/1.1" 200 323 "-" "PostmanRuntime/7.26.8"
::1 - - [04/Jan/2021:12:03:08 +0000] "GET /character/all?page=1&size=1 HTTP/1.1" 200 296 "-" "PostmanRuntime/7.26.8"
::1 - - [04/Jan/2021:12:03:19 +0000] "GET /character/all?page=1&size=1 HTTP/1.1" 200 296 "-" "PostmanRuntime/7.26.8"
::1 - - [04/Jan/2021:12:03:26 +0000] "GET /character/all?page=1&size=1 HTTP/1.1" 200 323 "-" "PostmanRuntime/7.26.8"
::1 - - [04/Jan/2021:12:03:44 +0000] "GET /character/all?page=1&size=1 HTTP/1.1" 200 323 "-" "PostmanRuntime/7.26.8"
::1 - - [04/Jan/2021:12:04:06 +0000] "GET /character/all?page=1&size=1 HTTP/1.1" 500 61 "-" "PostmanRuntime/7.26.8"
::1 - - [04/Jan/2021:12:04:19 +0000] "GET /character/all?page=1&size=1 HTTP/1.1" 200 311 "-" "PostmanRuntime/7.26.8"
::1 - - [04/Jan/2021:12:04:39 +0000] "GET /character/all?page=1&size=10 HTTP/1.1" 200 2290 "-" "PostmanRuntime/7.26.8"
::1 - - [04/Jan/2021:12:05:17 +0000] "GET /character/all?page=1&size=10 HTTP/1.1" 200 2290 "-" "PostmanRuntime/7.26.8"
::1 - - [04/Jan/2021:12:06:26 +0000] "GET /character/all?page=1&size=10 HTTP/1.1" 200 2309 "-" "PostmanRuntime/7.26.8"
::1 - - [04/Jan/2021:12:06:44 +0000] "GET /character/all?page=1&size=10 HTTP/1.1" 200 2309 "-" "PostmanRuntime/7.26.8"
::1 - - [04/Jan/2021:12:06:58 +0000] "GET /character/all?page=1&size=9 HTTP/1.1" 200 2104 "-" "PostmanRuntime/7.26.8"
::1 - - [04/Jan/2021:12:07:37 +0000] "GET /character/all?page=1&size=9 HTTP/1.1" 200 2087 "-" "PostmanRuntime/7.26.8"
::1 - - [04/Jan/2021:12:08:04 +0000] "GET /character/all?page=1&size=4 HTTP/1.1" 200 982 "-" "PostmanRuntime/7.26.8"
::1 - - [04/Jan/2021:12:08:23 +0000] "GET /character/all?page=1&size=4?sortColumn=name HTTP/1.1" 500 81 "-" "PostmanRuntime/7.26.8"
::1 - - [04/Jan/2021:12:08:28 +0000] "GET /character/all?page=1&size=4&sortColumn=name HTTP/1.1" 200 982 "-" "PostmanRuntime/7.26.8"
::1 - - [04/Jan/2021:12:08:35 +0000] "GET /character/all?page=1&size=4&sortColumn=name&sortType=DESC HTTP/1.1" 200 982 "-" "PostmanRuntime/7.26.8"
::1 - - [04/Jan/2021:12:08:37 +0000] "GET /character/all?page=1&size=4&sortColumn=name&sortType=DESC HTTP/1.1" 200 982 "-" "PostmanRuntime/7.26.8"
::1 - - [04/Jan/2021:12:08:39 +0000] "GET /character/all?page=1&size=4&sortColumn=name&sortType=ASC HTTP/1.1" 200 982 "-" "PostmanRuntime/7.26.8"
::1 - - [04/Jan/2021:12:09:03 +0000] "GET /character/all?page=1&size=4&sortColumn=name&sortType=ASC HTTP/1.1" 200 982 "-" "PostmanRuntime/7.26.8"
::1 - - [04/Jan/2021:12:09:12 +0000] "GET /character/all?page=1&size=4&sortColumn=name&sortType=0 HTTP/1.1" 200 991 "-" "PostmanRuntime/7.26.8"
::1 - - [04/Jan/2021:12:14:32 +0000] "DELETE /character/0bb6d8fe-95c5-4719-8d42-656ed2b712a6 HTTP/1.1" 200 160 "-" "PostmanRuntime/7.26.8"
::1 - - [04/Jan/2021:12:15:07 +0000] "DELETE /character/0bb6d8fe-95c5-4719-8d42-656ed2b712a6 HTTP/1.1" 200 201 "-" "PostmanRuntime/7.26.8"
::1 - - [04/Jan/2021:12:15:33 +0000] "DELETE /character/0bb6d8fe-95c5-4719-8d42-656ed2b712a6 HTTP/1.1" 200 201 "-" "PostmanRuntime/7.26.8"
::1 - - [04/Jan/2021:12:15:34 +0000] "DELETE /character/0bb6d8fe-95c5-4719-8d42-656ed2b712a6 HTTP/1.1" 200 201 "-" "PostmanRuntime/7.26.8"
::1 - - [04/Jan/2021:12:16:17 +0000] "DELETE /character/0bb6d8fe-95c5-4719-8d42-656ed2b712a6 HTTP/1.1" 200 94 "-" "PostmanRuntime/7.26.8"
::1 - - [04/Jan/2021:12:26:21 +0000] "PUT /character/0bb6d8fe-95c5-4719-8d42-656ed2b712a6 HTTP/1.1" 200 94 "-" "PostmanRuntime/7.26.8"
::1 - - [04/Jan/2021:12:26:40 +0000] "PUT /character/0bb6d8fe-95c5-4719-8d42-656ed2b712a6 HTTP/1.1" 200 94 "-" "PostmanRuntime/7.26.8"
::1 - - [04/Jan/2021:12:26:57 +0000] "PUT /character/0bb6d8fe-95c5-4719-8d42-656ed2b712a6 HTTP/1.1" 200 94 "-" "PostmanRuntime/7.26.8"
::1 - - [04/Jan/2021:12:27:07 +0000] "PUT /character/0bb6d8fe-95c5-4719-8d42-656ed2b712a6 HTTP/1.1" 200 94 "-" "PostmanRuntime/7.26.8"
::1 - - [04/Jan/2021:12:27:16 +0000] "PUT /character/0bb6d8fe-95c5-4719-8d42-656ed2b712a6 HTTP/1.1" 200 94 "-" "PostmanRuntime/7.26.8"
::1 - - [04/Jan/2021:12:27:27 +0000] "PUT /character/0bb6d8fe-95c5-4719-8d42-656ed2b712a6 HTTP/1.1" 200 94 "-" "PostmanRuntime/7.26.8"
::1 - - [04/Jan/2021:12:28:21 +0000] "PUT /character/0bb6d8fe-95c5-4719-8d42-656ed2b712a6 HTTP/1.1" 200 94 "-" "PostmanRuntime/7.26.8"
::1 - - [04/Jan/2021:12:29:06 +0000] "PUT /character/0bb6d8fe-95c5-4719-8d42-656ed2b712a6 HTTP/1.1" 200 94 "-" "PostmanRuntime/7.26.8"
::1 - - [04/Jan/2021:12:29:39 +0000] "PUT /character/0bb6d8fe-95c5-4719-8d42-656ed2b712a6 HTTP/1.1" 200 94 "-" "PostmanRuntime/7.26.8"
::1 - - [04/Jan/2021:12:29:51 +0000] "PUT /character/0bb6d8fe-95c5-4719-8d42-656ed2b712a6 HTTP/1.1" 200 94 "-" "PostmanRuntime/7.26.8"
